app/build/outputs/logs/manifest-merger-Avazu-debug-report.txt
-- Merging decision tree log ---
manifest
ADDED from src/main/AndroidManifest.xml:2:1-545:12
	package
		ADDED from src/main/AndroidManifest.xml:3:11-33
		INJECTED from src/main/AndroidManifest.xml
		INJECTED from src/main/AndroidManifest.xml
	android:versionName
		ADDED from src/main/AndroidManifest.xml:5:11-53
		INJECTED from src/main/AndroidManifest.xml
		INJECTED from src/main/AndroidManifest.xml
	android:versionCode
		ADDED from src/main/AndroidManifest.xml:4:11-35
		INJECTED from src/main/AndroidManifest.xml
		INJECTED from src/main/AndroidManifest.xml
	xmlns:android
		ADDED from src/main/AndroidManifest.xml:2:11-69
uses-sdk
ADDED from src/main/AndroidManifest.xml:7:5-9:40
MERGED from [com.google.android.gms:play-services-measurement:8.3.0] AndroidManifest.xml:18:5-42
MERGED from [com.google.android.gms:play-services-basement:8.3.0] AndroidManifest.xml:18:5-42
MERGED from [com.android.support:support-v4:23.4.0] AndroidManifest.xml:20:5-43
MERGED from [com.android.support:cardview-v7:23.1.1] AndroidManifest.xml:20:5-43
MERGED from [com.android.support:recyclerview-v7:23.0.0] AndroidManifest.xml:20:5-43
MERGED from [com.facebook.android:facebook-android-sdk:4.7.0] AndroidManifest.xml:24:5-26:41
MERGED from [com.google.android.gms:play-services-analytics:8.3.0] AndroidManifest.xml:18:5-42
MERGED from [com.paypal.sdk:paypal-android-sdk:2.13.1] AndroidManifest.xml:5:5-7:41
MERGED from [com.twitter.sdk.android:twitter:1.10.0] AndroidManifest.xml:23:5-43
MERGED from [com.twitter.sdk.android:twitter-core:1.6.1] AndroidManifest.xml:23:5-43
MERGED from [io.fabric.sdk.android:fabric:1.3.7] AndroidManifest.xml:23:5-43
MERGED from [com.twitter.sdk.android:tweet-composer:1.0.1] AndroidManifest.xml:23:5-43
MERGED from [com.digits.sdk.android:digits:1.9.1] AndroidManifest.xml:23:5-43
MERGED from [com.twitter.sdk.android:tweet-ui:1.7.0] AndroidManifest.xml:23:5-43
MERGED from [com.android.support:multidex:1.0.1] AndroidManifest.xml:18:5-42
MERGED from [com.zhy:percent-support-extends:1.0.1] AndroidManifest.xml:7:5-9:41
MERGED from [com.android.support:appcompat-v7:23.4.0] AndroidManifest.xml:21:5-23:78
MERGED from [com.android.support:animated-vector-drawable:23.4.0] AndroidManifest.xml:5:5-44
MERGED from [com.android.support:support-vector-drawable:23.4.0] AndroidManifest.xml:5:5-43
MERGED from [IruluNoRong:AndroidImageSlider:unspecified] AndroidManifest.xml:7:5-9:41
MERGED from [com.bigkoo:convenientbanner:2.0.5] AndroidManifest.xml:7:5-44
	tools:overrideLibrary
		ADDED from [com.android.support:appcompat-v7:23.4.0] AndroidManifest.xml:23:9-75
	android:targetSdkVersion
		ADDED from src/main/AndroidManifest.xml:9:9-38
		INJECTED from src/main/AndroidManifest.xml
		INJECTED from src/main/AndroidManifest.xml
	android:minSdkVersion
		ADDED from src/main/AndroidManifest.xml:8:9-35
		INJECTED from src/main/AndroidManifest.xml
		INJECTED from src/main/AndroidManifest.xml
uses-permission#android.permission.MOUNT_UNMOUNT_FILESYSTEMS
ADDED from src/main/AndroidManifest.xml:11:5-83
	android:name
		ADDED from src/main/AndroidManifest.xml:11:22-81
uses-permission#android.permission.CAMERA
ADDED from src/main/AndroidManifest.xml:12:5-64
	android:name
		ADDED from src/main/AndroidManifest.xml:12:22-62
uses-permission#android.permission.READ_EXTERNAL_STORAGE
ADDED from src/main/AndroidManifest.xml:13:5-79
	android:name
		ADDED from src/main/AndroidManifest.xml:13:22-77
uses-permission#android.permission.WRITE_EXTERNAL_STORAGE
ADDED from src/main/AndroidManifest.xml:14:5-80
MERGED from [IruluNoRong:AndroidImageSlider:unspecified] AndroidManifest.xml:12:5-81
	android:name
		ADDED from src/main/AndroidManifest.xml:14:22-78
uses-permission#android.permission.INTERNET
ADDED from src/main/AndroidManifest.xml:15:5-66
MERGED from [com.google.android.gms:play-services-measurement:8.3.0] AndroidManifest.xml:21:5-67
MERGED from [com.google.android.gms:play-services-analytics:8.3.0] AndroidManifest.xml:21:5-67
MERGED from [com.paypal.sdk:paypal-android-sdk:2.13.1] AndroidManifest.xml:10:5-67
MERGED from [com.twitter.sdk.android:twitter-core:1.6.1] AndroidManifest.xml:25:5-67
MERGED from [io.fabric.sdk.android:fabric:1.3.7] AndroidManifest.xml:25:5-67
MERGED from [com.twitter.sdk.android:tweet-composer:1.0.1] AndroidManifest.xml:25:5-67
MERGED from [com.digits.sdk.android:digits:1.9.1] AndroidManifest.xml:25:5-67
MERGED from [com.twitter.sdk.android:tweet-ui:1.7.0] AndroidManifest.xml:25:5-67
MERGED from [IruluNoRong:AndroidImageSlider:unspecified] AndroidManifest.xml:11:5-67
	android:name
		ADDED from src/main/AndroidManifest.xml:15:22-64
uses-permission#android.permission.GET_TASKS
ADDED from src/main/AndroidManifest.xml:16:5-67
	android:name
		ADDED from src/main/AndroidManifest.xml:16:22-65
uses-permission#android.permission.ACCESS_COARSE_LOCATION
ADDED from src/main/AndroidManifest.xml:17:5-80
	android:name
		ADDED from src/main/AndroidManifest.xml:17:22-78
uses-permission#android.permission.ACCESS_FINE_LOCATION
ADDED from src/main/AndroidManifest.xml:18:5-78
	android:name
		ADDED from src/main/AndroidManifest.xml:18:22-76
uses-permission#android.permission.ACCESS_MOCK_LOCATION
ADDED from src/main/AndroidManifest.xml:19:5-78
	android:name
		ADDED from src/main/AndroidManifest.xml:19:22-76
uses-permission#android.permission.READ_PHONE_STATE
ADDED from src/main/AndroidManifest.xml:21:5-74
	android:name
		ADDED from src/main/AndroidManifest.xml:21:22-72
uses-permission#android.permission.INTERACT_ACROSS_USERS_FULL
ADDED from src/main/AndroidManifest.xml:22:5-84
	android:name
		ADDED from src/main/AndroidManifest.xml:22:22-82
uses-permission#android.permission.ACCESS_WIFI_STATE
ADDED from src/main/AndroidManifest.xml:24:5-75
	android:name
		ADDED from src/main/AndroidManifest.xml:24:22-73
uses-permission#android.permission.CLEAR_APP_CACHE
ADDED from src/main/AndroidManifest.xml:26:5-73
	android:name
		ADDED from src/main/AndroidManifest.xml:26:22-71
uses-permission#android.permission.GET_PACKAGE_SIZE
ADDED from src/main/AndroidManifest.xml:27:5-74
	android:name
		ADDED from src/main/AndroidManifest.xml:27:22-72
uses-permission#android.permission.ACCESS_NETWORK_STATE
ADDED from src/main/AndroidManifest.xml:30:5-78
MERGED from [com.google.android.gms:play-services-measurement:8.3.0] AndroidManifest.xml:22:5-79
MERGED from [com.google.android.gms:play-services-analytics:8.3.0] AndroidManifest.xml:22:5-79
MERGED from [com.paypal.sdk:paypal-android-sdk:2.13.1] AndroidManifest.xml:9:5-79
	android:name
		ADDED from src/main/AndroidManifest.xml:30:22-76
uses-permission#android.permission.RECORD_AUDIO
ADDED from src/main/AndroidManifest.xml:32:5-70
	android:name
		ADDED from src/main/AndroidManifest.xml:32:22-68
uses-permission#android.permission.VIBRATE
ADDED from src/main/AndroidManifest.xml:34:5-65
	android:name
		ADDED from src/main/AndroidManifest.xml:34:22-63
uses-permission#android.permission.WAKE_LOCK
ADDED from src/main/AndroidManifest.xml:36:5-67
MERGED from [com.google.android.gms:play-services-measurement:8.3.0] AndroidManifest.xml:24:5-67
	android:name
		ADDED from src/main/AndroidManifest.xml:36:22-65
uses-permission#android.permission.WRITE_SETTINGS
ADDED from src/main/AndroidManifest.xml:37:5-72
	android:name
		ADDED from src/main/AndroidManifest.xml:37:22-70
uses-permission#android.permission.MODIFY_AUDIO_SETTINGS
ADDED from src/main/AndroidManifest.xml:38:5-79
	android:name
		ADDED from src/main/AndroidManifest.xml:38:22-77
uses-permission#android.permission.CHANGE_WIFI_STATE
ADDED from src/main/AndroidManifest.xml:40:5-75
	android:name
		ADDED from src/main/AndroidManifest.xml:40:22-73
uses-permission#android.permission.MANAGE_ACCOUNTS
ADDED from src/main/AndroidManifest.xml:41:5-73
	android:name
		ADDED from src/main/AndroidManifest.xml:41:22-71
uses-permission#android.permission.GET_ACCOUNTS
ADDED from src/main/AndroidManifest.xml:43:5-70
	android:name
		ADDED from src/main/AndroidManifest.xml:43:22-68
uses-permission#android.permission.MANAGE_DOCUMENTS
ADDED from src/main/AndroidManifest.xml:45:5-74
	android:name
		ADDED from src/main/AndroidManifest.xml:45:22-72
uses-permission#android.permission.SYSTEM_ALERT_WINDOW
ADDED from src/main/AndroidManifest.xml:46:5-77
	android:name
		ADDED from src/main/AndroidManifest.xml:46:22-75
supports-screens
ADDED from src/main/AndroidManifest.xml:48:5-53:38
	android:largeScreens
		ADDED from src/main/AndroidManifest.xml:50:9-36
	android:smallScreens
		ADDED from src/main/AndroidManifest.xml:53:9-36
	android:normalScreens
		ADDED from src/main/AndroidManifest.xml:51:9-37
	android:resizeable
		ADDED from src/main/AndroidManifest.xml:52:9-34
	android:anyDensity
		ADDED from src/main/AndroidManifest.xml:49:9-34
application
ADDED from src/main/AndroidManifest.xml:55:5-543:19
MERGED from [com.google.android.gms:play-services-measurement:8.3.0] AndroidManifest.xml:26:5-46:19
MERGED from [com.google.android.gms:play-services-basement:8.3.0] AndroidManifest.xml:20:5-24:19
MERGED from [com.android.support:support-v4:23.4.0] AndroidManifest.xml:22:5-20
MERGED from [com.android.support:cardview-v7:23.1.1] AndroidManifest.xml:22:5-20
MERGED from [com.facebook.android:facebook-android-sdk:4.7.0] AndroidManifest.xml:28:5-20
MERGED from [com.google.android.gms:play-services-analytics:8.3.0] AndroidManifest.xml:24:5-20
MERGED from [com.paypal.sdk:paypal-android-sdk:2.13.1] AndroidManifest.xml:12:5-26:19
MERGED from [com.twitter.sdk.android:twitter:1.10.0] AndroidManifest.xml:25:5-20
MERGED from [com.twitter.sdk.android:twitter-core:1.6.1] AndroidManifest.xml:27:5-40:19
MERGED from [io.fabric.sdk.android:fabric:1.3.7] AndroidManifest.xml:27:5-20
MERGED from [com.twitter.sdk.android:tweet-composer:1.0.1] AndroidManifest.xml:27:5-37:19
MERGED from [com.digits.sdk.android:digits:1.9.1] AndroidManifest.xml:27:5-111:19
MERGED from [com.twitter.sdk.android:tweet-ui:1.7.0] AndroidManifest.xml:27:5-20
MERGED from [com.zhy:percent-support-extends:1.0.1] AndroidManifest.xml:11:5-14:19
MERGED from [com.android.support:appcompat-v7:23.4.0] AndroidManifest.xml:25:5-20
MERGED from [com.android.support:animated-vector-drawable:23.4.0] AndroidManifest.xml:7:5-20
MERGED from [com.android.support:support-vector-drawable:23.4.0] AndroidManifest.xml:7:5-20
	android:label
		ADDED from src/main/AndroidManifest.xml:59:9-41
	android:allowBackup
		ADDED from src/main/AndroidManifest.xml:57:9-35
	android:icon
		ADDED from src/main/AndroidManifest.xml:58:9-45
	android:theme
		ADDED from src/main/AndroidManifest.xml:60:9-44
	android:name
		ADDED from src/main/AndroidManifest.xml:56:9-41
meta-data#UMENG_CHANNEL
ADDED from src/main/AndroidManifest.xml:63:9-65:42
	android:value
		ADDED from src/main/AndroidManifest.xml:65:13-40
		INJECTED from src/main/AndroidManifest.xml
	android:name
		ADDED from src/main/AndroidManifest.xml:64:13-41
meta-data#UMENG_APPKEY
ADDED from src/main/AndroidManifest.xml:68:9-70:55
	android:value
		ADDED from src/main/AndroidManifest.xml:70:13-53
	android:name
		ADDED from src/main/AndroidManifest.xml:69:13-40
meta-data#RONG_CLOUD_APP_KEY
ADDED from src/main/AndroidManifest.xml:73:9-75:44
	android:value
		ADDED from src/main/AndroidManifest.xml:75:13-42
	android:name
		ADDED from src/main/AndroidManifest.xml:74:13-46
meta-data#com.facebook.sdk.ApplicationId
ADDED from src/main/AndroidManifest.xml:78:9-80:54
	android:value
		ADDED from src/main/AndroidManifest.xml:80:13-52
	android:name
		ADDED from src/main/AndroidManifest.xml:79:13-58
meta-data#io.fabric.ApiKey
ADDED from src/main/AndroidManifest.xml:81:9-83:56
	android:value
		ADDED from src/main/AndroidManifest.xml:83:13-54
	android:name
		ADDED from src/main/AndroidManifest.xml:82:13-44
receiver#com.appsflyer.AppsFlyerLib
ADDED from src/main/AndroidManifest.xml:90:9-96:20
	android:name
		ADDED from src/main/AndroidManifest.xml:90:19-60
intent-filter#android.intent.action.PACKAGE_REMOVED
ADDED from src/main/AndroidManifest.xml:91:13-95:29
action#android.intent.action.PACKAGE_REMOVED
ADDED from src/main/AndroidManifest.xml:92:17-79
	android:name
		ADDED from src/main/AndroidManifest.xml:92:25-77
data
ADDED from src/main/AndroidManifest.xml:94:17-49
	android:scheme
		ADDED from src/main/AndroidManifest.xml:94:23-47
service#io.rong.imlib.ipc.RongService
ADDED from src/main/AndroidManifest.xml:98:9-100:37
	android:process
		ADDED from src/main/AndroidManifest.xml:100:13-35
	android:name
		ADDED from src/main/AndroidManifest.xml:99:13-57
service#io.rong.imlib.ReConnectService
ADDED from src/main/AndroidManifest.xml:101:9-65
	android:name
		ADDED from src/main/AndroidManifest.xml:101:18-63
receiver#io.rong.imlib.ConnectChangeReceiver
ADDED from src/main/AndroidManifest.xml:103:9-71
	android:name
		ADDED from src/main/AndroidManifest.xml:103:19-69
receiver#io.rong.imlib.ipc.PushMessageReceiver
ADDED from src/main/AndroidManifest.xml:104:9-108:20
	android:name
		ADDED from src/main/AndroidManifest.xml:104:19-71
intent-filter#io.rong.push.message
ADDED from src/main/AndroidManifest.xml:105:13-107:29
action#io.rong.push.message
ADDED from src/main/AndroidManifest.xml:106:17-62
	android:name
		ADDED from src/main/AndroidManifest.xml:106:25-60
receiver#io.rong.imlib.HeartbeatReceiver
ADDED from src/main/AndroidManifest.xml:109:9-111:37
	android:process
		ADDED from src/main/AndroidManifest.xml:111:13-35
	android:name
		ADDED from src/main/AndroidManifest.xml:110:13-59
service#io.rong.push.PushService
ADDED from src/main/AndroidManifest.xml:113:9-123:19
	android:process
		ADDED from src/main/AndroidManifest.xml:115:13-43
	android:name
		ADDED from src/main/AndroidManifest.xml:114:13-52
intent-filter#android.intent.category.DEFAULT+io.rong.push
ADDED from src/main/AndroidManifest.xml:118:13-122:29
category#android.intent.category.DEFAULT
ADDED from src/main/AndroidManifest.xml:119:17-75
	android:name
		ADDED from src/main/AndroidManifest.xml:119:27-73
action#io.rong.push
ADDED from src/main/AndroidManifest.xml:121:17-54
	android:name
		ADDED from src/main/AndroidManifest.xml:121:25-52
service#io.rong.push.CommandService
ADDED from src/main/AndroidManifest.xml:124:9-134:19
	android:process
		ADDED from src/main/AndroidManifest.xml:126:13-43
	android:name
		ADDED from src/main/AndroidManifest.xml:125:13-55
intent-filter#android.intent.category.DEFAULT+io.rong.command
ADDED from src/main/AndroidManifest.xml:129:13-133:29
action#io.rong.command
ADDED from src/main/AndroidManifest.xml:132:17-57
	android:name
		ADDED from src/main/AndroidManifest.xml:132:25-55
receiver#io.rong.push.PushReceiver
ADDED from src/main/AndroidManifest.xml:136:9-160:20
	android:process
		ADDED from src/main/AndroidManifest.xml:138:13-43
	android:name
		ADDED from src/main/AndroidManifest.xml:137:13-53
intent-filter#io.rong.imlib.action.push.heartbeat
ADDED from src/main/AndroidManifest.xml:141:13-143:29
action#io.rong.imlib.action.push.heartbeat
ADDED from src/main/AndroidManifest.xml:142:17-77
	android:name
		ADDED from src/main/AndroidManifest.xml:142:25-75
intent-filter#android.intent.action.ACTION_POWER_CONNECTED+android.intent.action.ACTION_POWER_DISCONNECTED+android.intent.action.USER_PRESENT
ADDED from src/main/AndroidManifest.xml:150:13-154:29
action#android.intent.action.USER_PRESENT
ADDED from src/main/AndroidManifest.xml:151:17-76
	android:name
		ADDED from src/main/AndroidManifest.xml:151:25-74
action#android.intent.action.ACTION_POWER_CONNECTED
ADDED from src/main/AndroidManifest.xml:152:17-86
	android:name
		ADDED from src/main/AndroidManifest.xml:152:25-84
action#android.intent.action.ACTION_POWER_DISCONNECTED
ADDED from src/main/AndroidManifest.xml:153:17-89
	android:name
		ADDED from src/main/AndroidManifest.xml:153:25-87
service#com.paypal.android.sdk.payments.PayPalService
ADDED from src/main/AndroidManifest.xml:166:9-168:39
MERGED from [com.paypal.sdk:paypal-android-sdk:2.13.1] AndroidManifest.xml:23:9-25:40
	android:exported
		ADDED from src/main/AndroidManifest.xml:168:13-37
	android:name
		ADDED from src/main/AndroidManifest.xml:167:13-73
activity#com.paypal.android.sdk.payments.PaymentActivity
ADDED from src/main/AndroidManifest.xml:170:9-172:51
MERGED from [com.paypal.sdk:paypal-android-sdk:2.13.1] AndroidManifest.xml:13:9-84
	android:screenOrientation
		ADDED from src/main/AndroidManifest.xml:172:13-49
	android:name
		ADDED from src/main/AndroidManifest.xml:171:13-75
activity#com.paypal.android.sdk.payments.LoginActivity
ADDED from src/main/AndroidManifest.xml:173:9-175:51
MERGED from [com.paypal.sdk:paypal-android-sdk:2.13.1] AndroidManifest.xml:16:9-82
	android:screenOrientation
		ADDED from src/main/AndroidManifest.xml:175:13-49
	android:name
		ADDED from src/main/AndroidManifest.xml:174:13-73
activity#com.paypal.android.sdk.payments.PaymentMethodActivity
ADDED from src/main/AndroidManifest.xml:176:9-178:51
MERGED from [com.paypal.sdk:paypal-android-sdk:2.13.1] AndroidManifest.xml:14:9-90
	android:screenOrientation
		ADDED from src/main/AndroidManifest.xml:178:13-49
	android:name
		ADDED from src/main/AndroidManifest.xml:177:13-81
activity#com.paypal.android.sdk.payments.PaymentConfirmActivity
ADDED from src/main/AndroidManifest.xml:179:9-181:51
MERGED from [com.paypal.sdk:paypal-android-sdk:2.13.1] AndroidManifest.xml:15:9-91
	android:screenOrientation
		ADDED from src/main/AndroidManifest.xml:181:13-49
	android:name
		ADDED from src/main/AndroidManifest.xml:180:13-82
activity#com.paypal.android.sdk.payments.PayPalFuturePaymentActivity
ADDED from src/main/AndroidManifest.xml:182:9-184:51
MERGED from [com.paypal.sdk:paypal-android-sdk:2.13.1] AndroidManifest.xml:17:9-96
	android:screenOrientation
		ADDED from src/main/AndroidManifest.xml:184:13-49
	android:name
		ADDED from src/main/AndroidManifest.xml:183:13-87
activity#com.paypal.android.sdk.payments.FuturePaymentConsentActivity
ADDED from src/main/AndroidManifest.xml:185:9-187:51
MERGED from [com.paypal.sdk:paypal-android-sdk:2.13.1] AndroidManifest.xml:18:9-97
	android:screenOrientation
		ADDED from src/main/AndroidManifest.xml:187:13-49
	android:name
		ADDED from src/main/AndroidManifest.xml:186:13-88
activity#com.paypal.android.sdk.payments.FuturePaymentInfoActivity
ADDED from src/main/AndroidManifest.xml:188:9-190:51
MERGED from [com.paypal.sdk:paypal-android-sdk:2.13.1] AndroidManifest.xml:19:9-94
	android:screenOrientation
		ADDED from src/main/AndroidManifest.xml:190:13-49
	android:name
		ADDED from src/main/AndroidManifest.xml:189:13-85
activity#com.paypal.android.sdk.payments.PayPalProfileSharingActivity
ADDED from src/main/AndroidManifest.xml:191:9-193:51
MERGED from [com.paypal.sdk:paypal-android-sdk:2.13.1] AndroidManifest.xml:20:9-97
	android:screenOrientation
		ADDED from src/main/AndroidManifest.xml:193:13-49
	android:name
		ADDED from src/main/AndroidManifest.xml:192:13-88
activity#com.paypal.android.sdk.payments.ProfileSharingConsentActivity
ADDED from src/main/AndroidManifest.xml:194:9-196:51
MERGED from [com.paypal.sdk:paypal-android-sdk:2.13.1] AndroidManifest.xml:21:9-98
	android:screenOrientation
		ADDED from src/main/AndroidManifest.xml:196:13-49
	android:name
		ADDED from src/main/AndroidManifest.xml:195:13-89
activity#io.card.payment.CardIOActivity
ADDED from src/main/AndroidManifest.xml:197:9-200:51
	android:screenOrientation
		ADDED from src/main/AndroidManifest.xml:200:13-49
	android:configChanges
		ADDED from src/main/AndroidManifest.xml:199:13-63
	android:name
		ADDED from src/main/AndroidManifest.xml:198:13-58
activity#io.card.payment.DataEntryActivity
ADDED from src/main/AndroidManifest.xml:201:9-203:51
	android:screenOrientation
		ADDED from src/main/AndroidManifest.xml:203:13-49
	android:name
		ADDED from src/main/AndroidManifest.xml:202:13-61
activity#com.facebook.FacebookActivity
ADDED from src/main/AndroidManifest.xml:208:9-212:74
	android:label
		ADDED from src/main/AndroidManifest.xml:211:13-45
	android:configChanges
		ADDED from src/main/AndroidManifest.xml:210:13-96
	android:theme
		ADDED from src/main/AndroidManifest.xml:212:13-72
	android:name
		ADDED from src/main/AndroidManifest.xml:209:13-57
provider#com.facebook.FacebookContentProvider
ADDED from src/main/AndroidManifest.xml:214:9-217:38
	android:authorities
		ADDED from src/main/AndroidManifest.xml:216:13-90
	android:exported
		ADDED from src/main/AndroidManifest.xml:217:13-36
	android:name
		ADDED from src/main/AndroidManifest.xml:215:13-64
activity#com.mob.tools.MobUIShell
ADDED from src/main/AndroidManifest.xml:221:9-235:20
	android:screenOrientation
		ADDED from src/main/AndroidManifest.xml:224:13-49
	android:windowSoftInputMode
		ADDED from src/main/AndroidManifest.xml:226:13-67
	android:configChanges
		ADDED from src/main/AndroidManifest.xml:223:13-74
	android:theme
		ADDED from src/main/AndroidManifest.xml:225:13-72
	android:name
		ADDED from src/main/AndroidManifest.xml:222:13-52
intent-filter#android.intent.action.VIEW+android.intent.category.BROWSABLE+android.intent.category.DEFAULT
ADDED from src/main/AndroidManifest.xml:227:13-234:29
action#android.intent.action.VIEW
ADDED from src/main/AndroidManifest.xml:230:17-68
	android:name
		ADDED from src/main/AndroidManifest.xml:230:25-66
category#android.intent.category.BROWSABLE
ADDED from src/main/AndroidManifest.xml:232:17-77
	android:name
		ADDED from src/main/AndroidManifest.xml:232:27-75
meta-data#com.google.android.gms.version
ADDED from src/main/AndroidManifest.xml:238:9-240:68
MERGED from [com.google.android.gms:play-services-basement:8.3.0] AndroidManifest.xml:21:9-23:69
	android:value
		ADDED from src/main/AndroidManifest.xml:240:13-66
	android:name
		ADDED from src/main/AndroidManifest.xml:239:13-58
receiver#com.google.android.gms.analytics.AnalyticsReceiver
ADDED from src/main/AndroidManifest.xml:245:9-251:20
	android:enabled
		ADDED from src/main/AndroidManifest.xml:247:13-35
	android:name
		ADDED from src/main/AndroidManifest.xml:246:13-78
intent-filter#com.google.android.gms.analytics.ANALYTICS_DISPATCH
ADDED from src/main/AndroidManifest.xml:248:13-250:29
action#com.google.android.gms.analytics.ANALYTICS_DISPATCH
ADDED from src/main/AndroidManifest.xml:249:17-93
	android:name
		ADDED from src/main/AndroidManifest.xml:249:25-91
service#com.google.android.gms.analytics.AnalyticsService
ADDED from src/main/AndroidManifest.xml:253:9-256:39
	android:enabled
		ADDED from src/main/AndroidManifest.xml:255:13-35
	android:exported
		ADDED from src/main/AndroidManifest.xml:256:13-37
	android:name
		ADDED from src/main/AndroidManifest.xml:254:13-77
receiver#com.google.android.gms.analytics.CampaignTrackingReceiver
ADDED from src/main/AndroidManifest.xml:262:9-268:20
	android:exported
		ADDED from src/main/AndroidManifest.xml:264:13-36
	android:name
		ADDED from src/main/AndroidManifest.xml:263:13-85
intent-filter#com.android.vending.INSTALL_REFERRER
ADDED from src/main/AndroidManifest.xml:265:13-267:29
action#com.android.vending.INSTALL_REFERRER
ADDED from src/main/AndroidManifest.xml:266:17-78
	android:name
		ADDED from src/main/AndroidManifest.xml:266:25-76
activity#com.wf.irulu.module.payment.activity.WebPaymentActivity
ADDED from src/main/AndroidManifest.xml:270:9-272:51
	android:screenOrientation
		ADDED from src/main/AndroidManifest.xml:272:13-49
	android:name
		ADDED from src/main/AndroidManifest.xml:271:13-71
service#com.google.android.gms.analytics.CampaignTrackingService
ADDED from src/main/AndroidManifest.xml:274:9-91
	android:name
		ADDED from src/main/AndroidManifest.xml:274:18-89
activity#com.wf.irulu.MainActivity
ADDED from src/main/AndroidManifest.xml:278:9-289:20
	android:screenOrientation
		ADDED from src/main/AndroidManifest.xml:280:13-49
	android:configChanges
		ADDED from src/main/AndroidManifest.xml:281:13-87
	android:theme
		ADDED from src/main/AndroidManifest.xml:282:13-48
	android:name
		ADDED from src/main/AndroidManifest.xml:279:13-41
intent-filter#android.intent.action.MAIN+android.intent.category.LAUNCHER
ADDED from src/main/AndroidManifest.xml:284:13-288:29
action#android.intent.action.MAIN
ADDED from src/main/AndroidManifest.xml:285:17-68
	android:name
		ADDED from src/main/AndroidManifest.xml:285:25-66
category#android.intent.category.LAUNCHER
ADDED from src/main/AndroidManifest.xml:287:17-76
	android:name
		ADDED from src/main/AndroidManifest.xml:287:27-74
activity#com.wf.irulu.framework.HomeActivity
ADDED from src/main/AndroidManifest.xml:290:9-299:20
	android:screenOrientation
		ADDED from src/main/AndroidManifest.xml:295:13-49
	android:label
		ADDED from src/main/AndroidManifest.xml:293:13-45
	android:hardwareAccelerated
		ADDED from src/main/AndroidManifest.xml:292:13-47
	android:launchMode
		ADDED from src/main/AndroidManifest.xml:294:13-44
	android:name
		ADDED from src/main/AndroidManifest.xml:291:13-51
activity#com.wf.irulu.RefrenceActivity
ADDED from src/main/AndroidManifest.xml:300:9-302:51
	android:screenOrientation
		ADDED from src/main/AndroidManifest.xml:302:13-49
	android:name
		ADDED from src/main/AndroidManifest.xml:301:13-45
activity#com.wf.irulu.module.product.activity.ProductDetailActivity
ADDED from src/main/AndroidManifest.xml:303:9-306:51
	android:screenOrientation
		ADDED from src/main/AndroidManifest.xml:306:13-49
	android:launchMode
		ADDED from src/main/AndroidManifest.xml:305:13-44
	android:name
		ADDED from src/main/AndroidManifest.xml:304:13-74
activity#com.wf.irulu.module.product.activity.ProductDescriptionActivity
ADDED from src/main/AndroidManifest.xml:307:9-310:51
	android:screenOrientation
		ADDED from src/main/AndroidManifest.xml:310:13-49
	android:launchMode
		ADDED from src/main/AndroidManifest.xml:309:13-43
	android:name
		ADDED from src/main/AndroidManifest.xml:308:13-79
activity#com.wf.irulu.module.product.activity.ShowPhotosActivity
ADDED from src/main/AndroidManifest.xml:311:9-315:51
	android:process
		ADDED from src/main/AndroidManifest.xml:314:13-39
	android:screenOrientation
		ADDED from src/main/AndroidManifest.xml:315:13-49
	android:launchMode
		ADDED from src/main/AndroidManifest.xml:313:13-43
	android:name
		ADDED from src/main/AndroidManifest.xml:312:13-71
activity#com.wf.irulu.module.comment.activity.CustomerReviewsActivity
ADDED from src/main/AndroidManifest.xml:316:9-319:51
	android:screenOrientation
		ADDED from src/main/AndroidManifest.xml:319:13-49
	android:launchMode
		ADDED from src/main/AndroidManifest.xml:318:13-43
	android:name
		ADDED from src/main/AndroidManifest.xml:317:13-76
activity#com.wf.irulu.module.comment.activity.AlbumActivity
ADDED from src/main/AndroidManifest.xml:320:9-323:51
	android:screenOrientation
		ADDED from src/main/AndroidManifest.xml:323:13-49
	android:launchMode
		ADDED from src/main/AndroidManifest.xml:322:13-43
	android:name
		ADDED from src/main/AndroidManifest.xml:321:13-66
activity#com.wf.irulu.module.comment.activity.LocalImageListActivity
ADDED from src/main/AndroidManifest.xml:324:9-327:51
	android:screenOrientation
		ADDED from src/main/AndroidManifest.xml:327:13-49
	android:launchMode
		ADDED from src/main/AndroidManifest.xml:326:13-43
	android:name
		ADDED from src/main/AndroidManifest.xml:325:13-75
activity#com.wf.irulu.module.product.activity.WishActivity
ADDED from src/main/AndroidManifest.xml:328:9-331:51
	android:screenOrientation
		ADDED from src/main/AndroidManifest.xml:331:13-49
	android:launchMode
		ADDED from src/main/AndroidManifest.xml:330:13-43
	android:name
		ADDED from src/main/AndroidManifest.xml:329:13-65
activity#com.wf.irulu.module.aas.activity.LoginActivity
ADDED from src/main/AndroidManifest.xml:332:9-334:51
	android:screenOrientation
		ADDED from src/main/AndroidManifest.xml:334:13-49
	android:name
		ADDED from src/main/AndroidManifest.xml:333:13-62
activity#com.wf.irulu.module.aas.activity.AccountActivity
ADDED from src/main/AndroidManifest.xml:335:9-338:74
	android:screenOrientation
		ADDED from src/main/AndroidManifest.xml:337:13-49
	android:theme
		ADDED from src/main/AndroidManifest.xml:338:13-72
	android:name
		ADDED from src/main/AndroidManifest.xml:336:13-64
activity#com.wf.irulu.module.aas.activity.ForgotPasswordActivity
ADDED from src/main/AndroidManifest.xml:339:9-341:51
	android:screenOrientation
		ADDED from src/main/AndroidManifest.xml:341:13-49
	android:name
		ADDED from src/main/AndroidManifest.xml:340:13-71
activity#com.wf.irulu.module.setting.activity.SettingActivity
ADDED from src/main/AndroidManifest.xml:342:9-344:51
	android:screenOrientation
		ADDED from src/main/AndroidManifest.xml:344:13-49
	android:name
		ADDED from src/main/AndroidManifest.xml:343:13-68
activity#com.wf.irulu.module.setting.activity.ChangePasswordActivity
ADDED from src/main/AndroidManifest.xml:345:9-347:51
	android:screenOrientation
		ADDED from src/main/AndroidManifest.xml:347:13-49
	android:name
		ADDED from src/main/AndroidManifest.xml:346:13-75
activity#com.wf.irulu.module.setting.activity.FeedBackActivity
ADDED from src/main/AndroidManifest.xml:348:9-350:51
	android:screenOrientation
		ADDED from src/main/AndroidManifest.xml:350:13-49
	android:name
		ADDED from src/main/AndroidManifest.xml:349:13-69
activity#com.wf.irulu.module.setting.activity.AboutIruluActivity
ADDED from src/main/AndroidManifest.xml:351:9-353:51
	android:screenOrientation
		ADDED from src/main/AndroidManifest.xml:353:13-49
	android:name
		ADDED from src/main/AndroidManifest.xml:352:13-71
activity#com.wf.irulu.module.setting.activity.TermsServiceActivity
ADDED from src/main/AndroidManifest.xml:354:9-356:51
	android:screenOrientation
		ADDED from src/main/AndroidManifest.xml:356:13-49
	android:name
		ADDED from src/main/AndroidManifest.xml:355:13-73
activity#com.wf.irulu.module.setting.activity.PrivacyPolicyActivity
ADDED from src/main/AndroidManifest.xml:357:9-359:51
	android:screenOrientation
		ADDED from src/main/AndroidManifest.xml:359:13-49
	android:name
		ADDED from src/main/AndroidManifest.xml:358:13-74
activity#com.wf.irulu.module.user.activity.ProfileActivity
ADDED from src/main/AndroidManifest.xml:360:9-362:51
	android:screenOrientation
		ADDED from src/main/AndroidManifest.xml:362:13-49
	android:name